<?xml version="1.0" encoding="UTF-8"?>
<!-- Generated by org.testng.reporters.JUnitReportReporter -->
<testsuite hostname="DESKTOP-L8JR7LK" failures="0" tests="1" name="Demo.Test1" time="0.021" errors="0" timestamp="2022-07-06T18:53:45 IST" skipped="0">
  <testcase classname="Demo.Test1" name="m1" time="0.021"/>
  <system-out/>
</testsuite> <!-- Demo.Test1 -->
